Number of mesh entries: 577574
  0%|          | 0/577574 [00:00<?, ?it/s] 16%|█▌        | 90673/577574 [00:00<00:00, 906681.15it/s] 32%|███▏      | 186369/577574 [00:00<00:00, 936229.24it/s] 48%|████▊     | 279992/577574 [00:00<00:00, 914156.74it/s] 64%|██████▍   | 371468/577574 [00:00<00:00, 900492.14it/s] 80%|███████▉  | 461566/577574 [00:00<00:00, 891462.06it/s] 95%|█████████▌| 550743/577574 [00:00<00:00, 887979.79it/s]100%|██████████| 577574/577574 [00:00<00:00, 896648.15it/s]
Number of split mesh entries: 9489665
processed 0 entities [entities/s: 0.00]
processed 100000 entities [entities/s: 1557.47]
processed 200000 entities [entities/s: 1765.46]
processed 300000 entities [entities/s: 1911.80]
processed 400000 entities [entities/s: 2015.74]
processed 500000 entities [entities/s: 2130.23]
processed 600000 entities [entities/s: 2160.05]
processed 700000 entities [entities/s: 2213.23]
processed 800000 entities [entities/s: 2225.41]
processed 900000 entities [entities/s: 2233.00]
processed 1000000 entities [entities/s: 2232.79]
processed 1100000 entities [entities/s: 2338.78]
processed 1200000 entities [entities/s: 2402.29]
processed 1300000 entities [entities/s: 2471.88]
processed 1400000 entities [entities/s: 2557.33]
processed 1500000 entities [entities/s: 2640.99]
processed 1600000 entities [entities/s: 2661.34]
processed 1700000 entities [entities/s: 2653.72]
processed 1800000 entities [entities/s: 2675.29]
processed 1900000 entities [entities/s: 2701.81]
processed 2000000 entities [entities/s: 2727.53]
processed 2100000 entities [entities/s: 2764.22]
processed 2200000 entities [entities/s: 2796.02]
processed 2300000 entities [entities/s: 2783.47]
processed 2400000 entities [entities/s: 2815.20]
processed 2500000 entities [entities/s: 2790.30]
processed 2600000 entities [entities/s: 2777.38]
processed 2700000 entities [entities/s: 2789.78]
processed 2800000 entities [entities/s: 2827.56]
processed 2900000 entities [entities/s: 2776.99]
processed 3000000 entities [entities/s: 2739.32]
processed 3100000 entities [entities/s: 2750.54]
processed 3200000 entities [entities/s: 2754.88]
processed 3300000 entities [entities/s: 2713.41]
processed 3400000 entities [entities/s: 2726.07]
processed 3500000 entities [entities/s: 2748.59]
processed 3600000 entities [entities/s: 2657.43]
processed 3700000 entities [entities/s: 2587.86]
processed 3800000 entities [entities/s: 2525.06]
processed 3900000 entities [entities/s: 2454.87]
processed 4000000 entities [entities/s: 2388.05]
processed 4100000 entities [entities/s: 2342.46]
processed 4200000 entities [entities/s: 2301.15]
processed 4300000 entities [entities/s: 2273.90]
processed 4400000 entities [entities/s: 2250.45]
processed 4500000 entities [entities/s: 2235.89]
processed 4600000 entities [entities/s: 2213.80]
processed 4700000 entities [entities/s: 2201.38]
processed 4800000 entities [entities/s: 2190.72]
processed 4900000 entities [entities/s: 2179.72]
processed 5000000 entities [entities/s: 2175.77]
processed 5100000 entities [entities/s: 2161.25]
processed 5200000 entities [entities/s: 2146.55]
processed 5300000 entities [entities/s: 2129.61]
processed 5400000 entities [entities/s: 2123.64]
processed 5500000 entities [entities/s: 2135.73]
processed 5600000 entities [entities/s: 2127.39]
processed 5700000 entities [entities/s: 2120.74]
processed 5800000 entities [entities/s: 2112.90]
processed 5900000 entities [entities/s: 2103.77]
processed 6000000 entities [entities/s: 2099.29]
processed 6100000 entities [entities/s: 2102.28]
processed 6200000 entities [entities/s: 2107.16]
processed 6300000 entities [entities/s: 2102.96]
processed 6400000 entities [entities/s: 2103.13]
processed 6500000 entities [entities/s: 2103.64]
processed 6600000 entities [entities/s: 2104.95]
processed 6700000 entities [entities/s: 2113.94]
processed 6800000 entities [entities/s: 2118.47]
processed 6900000 entities [entities/s: 2117.01]
processed 7000000 entities [entities/s: 2128.81]
processed 7100000 entities [entities/s: 2130.16]
processed 7200000 entities [entities/s: 2140.45]
processed 7300000 entities [entities/s: 2147.48]
processed 7400000 entities [entities/s: 2149.83]
processed 7500000 entities [entities/s: 2149.97]
processed 7600000 entities [entities/s: 2149.25]
processed 7700000 entities [entities/s: 2148.89]
processed 7800000 entities [entities/s: 2147.89]
processed 7900000 entities [entities/s: 2146.69]
processed 8000000 entities [entities/s: 2145.71]
processed 8100000 entities [entities/s: 2144.72]
processed 8200000 entities [entities/s: 2142.83]
processed 8300000 entities [entities/s: 2141.73]
processed 8400000 entities [entities/s: 2143.13]
processed 8500000 entities [entities/s: 2144.94]
processed 8600000 entities [entities/s: 2144.31]
processed 8700000 entities [entities/s: 2142.60]
processed 8800000 entities [entities/s: 2141.09]
processed 8900000 entities [entities/s: 2140.14]
processed 9000000 entities [entities/s: 2139.07]
processed 9100000 entities [entities/s: 2137.57]
processed 9200000 entities [entities/s: 2138.29]
processed 9300000 entities [entities/s: 2139.41]
processed 9400000 entities [entities/s: 2138.13]
processed 9500000 entities [entities/s: 2136.56]
processed 9600000 entities [entities/s: 2137.77]
processed 9700000 entities [entities/s: 2140.03]
processed 9800000 entities [entities/s: 2137.45]
processed 9900000 entities [entities/s: 2135.36]
processed 10000000 entities [entities/s: 2133.84]
processed 10100000 entities [entities/s: 2130.27]
processed 10200000 entities [entities/s: 2125.02]
processed 10300000 entities [entities/s: 2122.72]
processed 10400000 entities [entities/s: 2117.46]
processed 10500000 entities [entities/s: 2113.23]
processed 10600000 entities [entities/s: 2113.54]
processed 10700000 entities [entities/s: 2115.68]
processed 10800000 entities [entities/s: 2115.97]
processed 10900000 entities [entities/s: 2121.19]
processed 11000000 entities [entities/s: 2126.06]
processed 11100000 entities [entities/s: 2130.07]
processed 11200000 entities [entities/s: 2131.68]
processed 11300000 entities [entities/s: 2133.52]
processed 11400000 entities [entities/s: 2134.90]
processed 11500000 entities [entities/s: 2137.54]
processed 11600000 entities [entities/s: 2141.95]
processed 11700000 entities [entities/s: 2145.87]
processed 11800000 entities [entities/s: 2148.95]
processed 11900000 entities [entities/s: 2156.30]
processed 12000000 entities [entities/s: 2157.63]
processed 12100000 entities [entities/s: 2151.30]
processed 12200000 entities [entities/s: 2150.61]
processed 12300000 entities [entities/s: 2151.47]
processed 12400000 entities [entities/s: 2153.47]
processed 12500000 entities [entities/s: 2157.29]
processed 12600000 entities [entities/s: 2158.15]
processed 12700000 entities [entities/s: 2161.17]
processed 12800000 entities [entities/s: 2162.23]
processed 12900000 entities [entities/s: 2163.00]
processed 13000000 entities [entities/s: 2163.84]
processed 13100000 entities [entities/s: 2172.63]
processed 13200000 entities [entities/s: 2178.47]
processed 13300000 entities [entities/s: 2185.43]
processed 13400000 entities [entities/s: 2193.75]
processed 13500000 entities [entities/s: 2203.47]
processed 13600000 entities [entities/s: 2207.32]
processed 13700000 entities [entities/s: 2209.70]
processed 13800000 entities [entities/s: 2214.40]
processed 13900000 entities [entities/s: 2219.25]
processed 14000000 entities [entities/s: 2225.24]
processed 14100000 entities [entities/s: 2231.59]
processed 14200000 entities [entities/s: 2236.71]
processed 14300000 entities [entities/s: 2239.59]
processed 14400000 entities [entities/s: 2245.95]
processed 14500000 entities [entities/s: 2246.04]
processed 14600000 entities [entities/s: 2247.39]
processed 14700000 entities [entities/s: 2252.47]
processed 14800000 entities [entities/s: 2259.08]
processed 14900000 entities [entities/s: 2255.43]
processed 15000000 entities [entities/s: 2252.36]
processed 15100000 entities [entities/s: 2257.90]
processed 15200000 entities [entities/s: 2259.80]
processed 15300000 entities [entities/s: 2257.47]
processed 15400000 entities [entities/s: 2262.10]
processed 15500000 entities [entities/s: 2266.84]
processed 15600000 entities [entities/s: 2254.19]
processed 15700000 entities [entities/s: 2244.00]
processed 15800000 entities [entities/s: 2234.21]
processed 15900000 entities [entities/s: 2222.07]
processed 16000000 entities [entities/s: 2209.25]
processed 16100000 entities [entities/s: 2200.27]
processed 16200000 entities [entities/s: 2191.64]
processed 16300000 entities [entities/s: 2185.81]
processed 16400000 entities [entities/s: 2180.25]
processed 16500000 entities [entities/s: 2176.88]
processed 16600000 entities [entities/s: 2171.41]
processed 16700000 entities [entities/s: 2168.27]
processed 16800000 entities [entities/s: 2165.44]
processed 16900000 entities [entities/s: 2162.19]
processed 17000000 entities [entities/s: 2161.06]
processed 17100000 entities [entities/s: 2156.60]
processed 17200000 entities [entities/s: 2152.50]
processed 17300000 entities [entities/s: 2146.75]
processed 17400000 entities [entities/s: 2146.07]
processed 17500000 entities [entities/s: 2148.59]
processed 17600000 entities [entities/s: 2146.02]
processed 17700000 entities [entities/s: 2143.66]
processed 17800000 entities [entities/s: 2140.88]
processed 17900000 entities [entities/s: 2137.90]
processed 18000000 entities [entities/s: 2136.16]
processed 18100000 entities [entities/s: 2137.37]
processed 18200000 entities [entities/s: 2138.13]
processed 18300000 entities [entities/s: 2136.83]
processed 18400000 entities [entities/s: 2136.69]
processed 18500000 entities [entities/s: 2136.86]
processed 18600000 entities [entities/s: 2137.35]
processed 18700000 entities [entities/s: 2141.06]
processed 18800000 entities [entities/s: 2141.14]
processed 18900000 entities [entities/s: 2141.33]
processed 19000000 entities [entities/s: 2144.66]
processed 19100000 entities [entities/s: 2145.14]
processed 19200000 entities [entities/s: 2149.73]
processed 19300000 entities [entities/s: 2152.70]
processed 19400000 entities [entities/s: 2153.27]
processed 19500000 entities [entities/s: 2153.23]
processed 19600000 entities [entities/s: 2152.85]
processed 19700000 entities [entities/s: 2152.68]
processed 19800000 entities [entities/s: 2152.37]
processed 19900000 entities [entities/s: 2151.78]
processed 20000000 entities [entities/s: 2151.29]
processed 20100000 entities [entities/s: 2150.82]
processed 20200000 entities [entities/s: 2150.00]
processed 20300000 entities [entities/s: 2149.68]
processed 20400000 entities [entities/s: 2150.29]
processed 20500000 entities [entities/s: 2150.73]
processed 20600000 entities [entities/s: 2150.07]
processed 20700000 entities [entities/s: 2149.08]
processed 20800000 entities [entities/s: 2148.53]
processed 20900000 entities [entities/s: 2148.12]
processed 21000000 entities [entities/s: 2147.44]
processed 21100000 entities [entities/s: 2146.79]
processed 21200000 entities [entities/s: 2147.35]
processed 21300000 entities [entities/s: 2147.59]
processed 21400000 entities [entities/s: 2146.89]
processed 21500000 entities [entities/s: 2146.27]
processed 21600000 entities [entities/s: 2147.11]
processed 21700000 entities [entities/s: 2147.62]
processed 21800000 entities [entities/s: 2146.18]
processed 21900000 entities [entities/s: 2145.54]
processed 22000000 entities [entities/s: 2144.89]
processed 22100000 entities [entities/s: 2142.82]
processed 22200000 entities [entities/s: 2140.54]
processed 22300000 entities [entities/s: 2139.19]
processed 22400000 entities [entities/s: 2136.63]
processed 22500000 entities [entities/s: 2134.97]
processed 22600000 entities [entities/s: 2135.14]
processed 22700000 entities [entities/s: 2135.78]
processed 22800000 entities [entities/s: 2136.13]
processed 22900000 entities [entities/s: 2138.30]
processed 23000000 entities [entities/s: 2141.04]
processed 23100000 entities [entities/s: 2142.62]
processed 23200000 entities [entities/s: 2143.37]
processed 23300000 entities [entities/s: 2144.33]
processed 23400000 entities [entities/s: 2144.81]
processed 23500000 entities [entities/s: 2146.17]
processed 23600000 entities [entities/s: 2148.44]
processed 23700000 entities [entities/s: 2150.24]
processed 23800000 entities [entities/s: 2151.83]
processed 23900000 entities [entities/s: 2155.68]
processed 24000000 entities [entities/s: 2155.36]
processed 24100000 entities [entities/s: 2152.51]
processed 24200000 entities [entities/s: 2152.63]
processed 24300000 entities [entities/s: 2152.82]
processed 24400000 entities [entities/s: 2154.01]
processed 24500000 entities [entities/s: 2156.14]
processed 24600000 entities [entities/s: 2156.39]
processed 24700000 entities [entities/s: 2158.05]
processed 24800000 entities [entities/s: 2158.47]
processed 24900000 entities [entities/s: 2158.83]
processed 25000000 entities [entities/s: 2159.75]
processed 25100000 entities [entities/s: 2164.19]
processed 25200000 entities [entities/s: 2167.53]
processed 25300000 entities [entities/s: 2171.07]
processed 25400000 entities [entities/s: 2174.87]
processed 25500000 entities [entities/s: 2180.46]
processed 25600000 entities [entities/s: 2182.05]
processed 25700000 entities [entities/s: 2183.70]
processed 25800000 entities [entities/s: 2186.20]
processed 25900000 entities [entities/s: 2188.89]
processed 26000000 entities [entities/s: 2192.09]
processed 26100000 entities [entities/s: 2196.07]
processed 26200000 entities [entities/s: 2198.17]
processed 26300000 entities [entities/s: 2200.40]
processed 26400000 entities [entities/s: 2203.23]
processed 26500000 entities [entities/s: 2203.75]
processed 26600000 entities [entities/s: 2204.75]
processed 26700000 entities [entities/s: 2208.29]
processed 26800000 entities [entities/s: 2211.24]
processed 26900000 entities [entities/s: 2208.97]
processed 27000000 entities [entities/s: 2207.57]
processed 27100000 entities [entities/s: 2210.91]
processed 27200000 entities [entities/s: 2211.06]
processed 27300000 entities [entities/s: 2211.03]
processed 27400000 entities [entities/s: 2214.19]
processed 27500000 entities [entities/s: 2215.68]
processed 27600000 entities [entities/s: 2208.55]
processed 27700000 entities [entities/s: 2203.06]
processed 27800000 entities [entities/s: 2198.12]
processed 27900000 entities [entities/s: 2191.47]
processed 28000000 entities [entities/s: 2184.36]
processed 28100000 entities [entities/s: 2179.73]
processed 28200000 entities [entities/s: 2174.91]
processed 28300000 entities [entities/s: 2171.79]
processed 28400000 entities [entities/s: 2168.84]
processed 28500000 entities [entities/s: 2166.83]
processed 28600000 entities [entities/s: 2163.87]
processed 28700000 entities [entities/s: 2162.31]
processed 28800000 entities [entities/s: 2160.71]
processed 28900000 entities [entities/s: 2158.95]
processed 29000000 entities [entities/s: 2158.18]
processed 29100000 entities [entities/s: 2155.55]
processed 29200000 entities [entities/s: 2153.05]
processed 29300000 entities [entities/s: 2149.91]
processed 29400000 entities [entities/s: 2150.00]
processed 29500000 entities [entities/s: 2150.98]
processed 29600000 entities [entities/s: 2149.48]
processed 29700000 entities [entities/s: 2148.14]
processed 29800000 entities [entities/s: 2146.60]
processed 29900000 entities [entities/s: 2144.53]
processed 30000000 entities [entities/s: 2143.63]
processed 30100000 entities [entities/s: 2144.51]
processed 30200000 entities [entities/s: 2144.54]
processed 30300000 entities [entities/s: 2143.91]
processed 30400000 entities [entities/s: 2143.72]
processed 30500000 entities [entities/s: 2143.93]
processed 30600000 entities [entities/s: 2144.13]
processed 30700000 entities [entities/s: 2146.90]
processed 30800000 entities [entities/s: 2146.08]
processed 30900000 entities [entities/s: 2146.71]
processed 31000000 entities [entities/s: 2148.52]
processed 31100000 entities [entities/s: 2149.12]
processed 31200000 entities [entities/s: 2151.90]
processed 31300000 entities [entities/s: 2153.63]
processed 31400000 entities [entities/s: 2153.91]
processed 31500000 entities [entities/s: 2153.82]
processed 31600000 entities [entities/s: 2153.74]
processed 31700000 entities [entities/s: 2153.61]
processed 31800000 entities [entities/s: 2153.21]
processed 31900000 entities [entities/s: 2152.95]
processed 32000000 entities [entities/s: 2152.78]
processed 32100000 entities [entities/s: 2152.24]
processed 32200000 entities [entities/s: 2151.87]
processed 32300000 entities [entities/s: 2151.72]
processed 32400000 entities [entities/s: 2152.15]
processed 32500000 entities [entities/s: 2152.47]
processed 32600000 entities [entities/s: 2152.21]
processed 32700000 entities [entities/s: 2151.52]
processed 32800000 entities [entities/s: 2151.19]
processed 32900000 entities [entities/s: 2150.88]
processed 33000000 entities [entities/s: 2150.61]
processed 33100000 entities [entities/s: 2150.19]
processed 33200000 entities [entities/s: 2150.68]
processed 33300000 entities [entities/s: 2150.45]
processed 33400000 entities [entities/s: 2150.16]
processed 33500000 entities [entities/s: 2149.75]
processed 33600000 entities [entities/s: 2150.35]
processed 33700000 entities [entities/s: 2150.49]
processed 33800000 entities [entities/s: 2149.72]
processed 33900000 entities [entities/s: 2149.02]
processed 34000000 entities [entities/s: 2148.71]
processed 34100000 entities [entities/s: 2147.18]
processed 34200000 entities [entities/s: 2145.78]
processed 34300000 entities [entities/s: 2144.71]
processed 34400000 entities [entities/s: 2142.98]
processed 34500000 entities [entities/s: 2142.11]
processed 34600000 entities [entities/s: 2142.23]
processed 34700000 entities [entities/s: 2142.80]
processed 34800000 entities [entities/s: 2142.89]
processed 34900000 entities [entities/s: 2144.48]
processed 35000000 entities [entities/s: 2146.19]
processed 35100000 entities [entities/s: 2147.22]
processed 35200000 entities [entities/s: 2147.71]
processed 35300000 entities [entities/s: 2148.36]
processed 35400000 entities [entities/s: 2149.00]
processed 35500000 entities [entities/s: 2149.77]
processed 35600000 entities [entities/s: 2151.33]
processed 35700000 entities [entities/s: 2152.41]
processed 35800000 entities [entities/s: 2153.58]
processed 35900000 entities [entities/s: 2155.46]
processed 36000000 entities [entities/s: 2154.91]
processed 36100000 entities [entities/s: 2153.53]
processed 36200000 entities [entities/s: 2153.71]
processed 36300000 entities [entities/s: 2154.14]
processed 36400000 entities [entities/s: 2154.89]
processed 36500000 entities [entities/s: 2156.04]
processed 36600000 entities [entities/s: 2156.19]
processed 36700000 entities [entities/s: 2157.33]
processed 36800000 entities [entities/s: 2157.59]
processed 36900000 entities [entities/s: 2157.79]
processed 37000000 entities [entities/s: 2158.87]
processed 37100000 entities [entities/s: 2161.65]
processed 37200000 entities [entities/s: 2164.12]
processed 37300000 entities [entities/s: 2166.88]
processed 37400000 entities [entities/s: 2169.46]
processed 37500000 entities [entities/s: 2172.92]
processed 37600000 entities [entities/s: 2173.61]
processed 37700000 entities [entities/s: 2175.32]
processed 37800000 entities [entities/s: 2176.78]
processed 37900000 entities [entities/s: 2178.65]
processed 38000000 entities [entities/s: 2181.15]
processed 38100000 entities [entities/s: 2183.70]
processed 38200000 entities [entities/s: 2184.93]
processed 38300000 entities [entities/s: 2186.42]
processed 38400000 entities [entities/s: 2188.44]
processed 38500000 entities [entities/s: 2188.79]
processed 38600000 entities [entities/s: 2189.47]
processed 38700000 entities [entities/s: 2192.23]
processed 38800000 entities [entities/s: 2193.06]
processed 38900000 entities [entities/s: 2192.49]
processed 39000000 entities [entities/s: 2191.29]
processed 39100000 entities [entities/s: 2193.56]
processed 39200000 entities [entities/s: 2193.39]
processed 39300000 entities [entities/s: 2193.76]
processed 39400000 entities [entities/s: 2196.38]
processed 39500000 entities [entities/s: 2196.28]
processed 39600000 entities [entities/s: 2191.28]
processed 39700000 entities [entities/s: 2187.42]
processed 39800000 entities [entities/s: 2183.86]
processed 39900000 entities [entities/s: 2179.12]
processed 40000000 entities [entities/s: 2174.23]
processed 40100000 entities [entities/s: 2171.45]
processed 40200000 entities [entities/s: 2167.92]
processed 40300000 entities [entities/s: 2165.74]
processed 40400000 entities [entities/s: 2163.54]
processed 40500000 entities [entities/s: 2162.18]
processed 40600000 entities [entities/s: 2159.97]
processed 40700000 entities [entities/s: 2158.97]
processed 40800000 entities [entities/s: 2157.50]
processed 40900000 entities [entities/s: 2156.42]
processed 41000000 entities [entities/s: 2155.65]
processed 41100000 entities [entities/s: 2153.83]
processed 41200000 entities [entities/s: 2152.07]
processed 41300000 entities [entities/s: 2149.78]
processed 41400000 entities [entities/s: 2150.24]
processed 41500000 entities [entities/s: 2150.74]
processed 41600000 entities [entities/s: 2149.54]
processed 41700000 entities [entities/s: 2148.44]
processed 41800000 entities [entities/s: 2147.28]
processed 41900000 entities [entities/s: 2145.84]
processed 42000000 entities [entities/s: 2145.49]
processed 42100000 entities [entities/s: 2146.45]
processed 42200000 entities [entities/s: 2146.05]
processed 42300000 entities [entities/s: 2145.61]
processed 42400000 entities [entities/s: 2145.61]
processed 42500000 entities [entities/s: 2145.69]
processed 42600000 entities [entities/s: 2146.05]
processed 42700000 entities [entities/s: 2147.71]
processed 42800000 entities [entities/s: 2147.17]
processed 42900000 entities [entities/s: 2147.86]
processed 43000000 entities [entities/s: 2148.85]
processed 43100000 entities [entities/s: 2149.82]
processed 43200000 entities [entities/s: 2151.63]
processed 43300000 entities [entities/s: 2152.62]
processed 43400000 entities [entities/s: 2152.82]
processed 43500000 entities [entities/s: 2152.75]
processed 43600000 entities [entities/s: 2152.70]
processed 43700000 entities [entities/s: 2152.62]
processed 43800000 entities [entities/s: 2152.28]
processed 43900000 entities [entities/s: 2152.08]
processed 44000000 entities [entities/s: 2151.96]
processed 44100000 entities [entities/s: 2151.69]
processed 44200000 entities [entities/s: 2151.21]
processed 44300000 entities [entities/s: 2151.17]
processed 44400000 entities [entities/s: 2151.54]
processed 44500000 entities [entities/s: 2151.68]
processed 44600000 entities [entities/s: 2151.47]
processed 44700000 entities [entities/s: 2151.14]
processed 44800000 entities [entities/s: 2150.93]
processed 44900000 entities [entities/s: 2150.69]
processed 45000000 entities [entities/s: 2150.46]
processed 45100000 entities [entities/s: 2149.97]
processed 45200000 entities [entities/s: 2150.38]
processed 45300000 entities [entities/s: 2150.31]
processed 45400000 entities [entities/s: 2150.02]
processed 45500000 entities [entities/s: 2149.75]
processed 45600000 entities [entities/s: 2150.36]
processed 45700000 entities [entities/s: 2150.44]
processed 45800000 entities [entities/s: 2149.66]
processed 45900000 entities [entities/s: 2149.34]
processed 46000000 entities [entities/s: 2148.81]
processed 46100000 entities [entities/s: 2147.72]
processed 46200000 entities [entities/s: 2146.89]
processed 46300000 entities [entities/s: 2145.98]
processed 46400000 entities [entities/s: 2144.82]
processed 46500000 entities [entities/s: 2144.19]
processed 46600000 entities [entities/s: 2144.27]
processed 46700000 entities [entities/s: 2144.47]
processed 46800000 entities [entities/s: 2144.75]
processed 46900000 entities [entities/s: 2146.23]
processed 47000000 entities [entities/s: 2147.20]
processed 47100000 entities [entities/s: 2147.91]
processed 47200000 entities [entities/s: 2148.23]
processed 47300000 entities [entities/s: 2148.71]
processed 47400000 entities [entities/s: 2149.28]
processed 47500000 entities [entities/s: 2149.91]
processed 47600000 entities [entities/s: 2151.04]
processed 47700000 entities [entities/s: 2151.80]
processed 47800000 entities [entities/s: 2152.89]
processed 47900000 entities [entities/s: 2153.86]
processed 48000000 entities [entities/s: 2153.46]
processed 48100000 entities [entities/s: 2152.55]
processed 48200000 entities [entities/s: 2152.71]
processed 48300000 entities [entities/s: 2153.13]
processed 48400000 entities [entities/s: 2153.70]
processed 48500000 entities [entities/s: 2154.63]
processed 48600000 entities [entities/s: 2154.90]
processed 48700000 entities [entities/s: 2155.63]
processed 48800000 entities [entities/s: 2155.82]
processed 48900000 entities [entities/s: 2155.94]
processed 49000000 entities [entities/s: 2157.03]
processed 49100000 entities [entities/s: 2158.97]
processed 49200000 entities [entities/s: 2160.89]
processed 49300000 entities [entities/s: 2162.87]
processed 49400000 entities [entities/s: 2164.88]
processed 49500000 entities [entities/s: 2167.22]
processed 49600000 entities [entities/s: 2167.63]
processed 49700000 entities [entities/s: 2169.13]
processed 49800000 entities [entities/s: 2170.18]
processed 49900000 entities [entities/s: 2171.60]
processed 50000000 entities [entities/s: 2173.55]
processed 50100000 entities [entities/s: 2175.48]
processed 50200000 entities [entities/s: 2176.43]
processed 50300000 entities [entities/s: 2177.45]
processed 50400000 entities [entities/s: 2178.83]
processed 50500000 entities [entities/s: 2179.23]
processed 50600000 entities [entities/s: 2179.77]
processed 50700000 entities [entities/s: 2182.16]
processed 50800000 entities [entities/s: 2182.62]
processed 50900000 entities [entities/s: 2181.99]
processed 51000000 entities [entities/s: 2181.55]
processed 51100000 entities [entities/s: 2182.95]
processed 51200000 entities [entities/s: 2182.85]
processed 51300000 entities [entities/s: 2183.25]
processed 51400000 entities [entities/s: 2185.45]
processed 51500000 entities [entities/s: 2184.69]
processed 51600000 entities [entities/s: 2180.88]
processed 51700000 entities [entities/s: 2178.21]
processed 51800000 entities [entities/s: 2175.33]
processed 51900000 entities [entities/s: 2171.67]
processed 52000000 entities [entities/s: 2168.14]
processed 52100000 entities [entities/s: 2165.75]
processed 52200000 entities [entities/s: 2163.38]
processed 52300000 entities [entities/s: 2161.67]
processed 52400000 entities [entities/s: 2159.90]
processed 52500000 entities [entities/s: 2158.74]
processed 52600000 entities [entities/s: 2157.29]
processed 52700000 entities [entities/s: 2156.44]
processed 52800000 entities [entities/s: 2155.48]
processed 52900000 entities [entities/s: 2154.47]
processed 53000000 entities [entities/s: 2153.98]
processed 53100000 entities [entities/s: 2152.55]
processed 53200000 entities [entities/s: 2151.07]
processed 53300000 entities [entities/s: 2149.29]
processed 53400000 entities [entities/s: 2150.09]
processed 53500000 entities [entities/s: 2150.31]
processed 53600000 entities [entities/s: 2149.33]
processed 53700000 entities [entities/s: 2148.43]
processed 53800000 entities [entities/s: 2147.63]
processed 53900000 entities [entities/s: 2146.51]
processed 54000000 entities [entities/s: 2146.16]
processed 54100000 entities [entities/s: 2147.12]
processed 54200000 entities [entities/s: 2146.64]
processed 54300000 entities [entities/s: 2146.45]
processed 54400000 entities [entities/s: 2146.45]
processed 54500000 entities [entities/s: 2146.45]
processed 54600000 entities [entities/s: 2146.77]
processed 54700000 entities [entities/s: 2148.21]
processed 54800000 entities [entities/s: 2147.71]
processed 54900000 entities [entities/s: 2148.46]
processed 55000000 entities [entities/s: 2149.04]
processed 55100000 entities [entities/s: 2149.92]
processed 55200000 entities [entities/s: 2151.17]
processed 55300000 entities [entities/s: 2151.90]
processed 55400000 entities [entities/s: 2152.00]
processed 55500000 entities [entities/s: 2151.94]
processed 55600000 entities [entities/s: 2151.90]
processed 55700000 entities [entities/s: 2151.82]
processed 55800000 entities [entities/s: 2151.73]
processed 55900000 entities [entities/s: 2151.55]
processed 56000000 entities [entities/s: 2151.24]
processed 56100000 entities [entities/s: 2151.03]
processed 56200000 entities [entities/s: 2150.80]
processed 56300000 entities [entities/s: 2150.82]
processed 56400000 entities [entities/s: 2151.13]
processed 56500000 entities [entities/s: 2151.15]
processed 56600000 entities [entities/s: 2150.97]
processed 56700000 entities [entities/s: 2150.72]
processed 56800000 entities [entities/s: 2150.56]
processed 56900000 entities [entities/s: 2150.15]
processed 57000000 entities [entities/s: 2149.96]
processed 57100000 entities [entities/s: 2149.82]
processed 57200000 entities [entities/s: 2150.15]
processed 57300000 entities [entities/s: 2150.06]
processed 57400000 entities [entities/s: 2149.77]
processed 57500000 entities [entities/s: 2149.69]
processed 57600000 entities [entities/s: 2150.15]
processed 57700000 entities [entities/s: 2150.11]
processed 57800000 entities [entities/s: 2149.47]
processed 57900000 entities [entities/s: 2149.23]
processed 58000000 entities [entities/s: 2148.72]
processed 58100000 entities [entities/s: 2147.75]
processed 58200000 entities [entities/s: 2147.13]
processed 58300000 entities [entities/s: 2146.52]
processed 58400000 entities [entities/s: 2145.58]
processed 58500000 entities [entities/s: 2145.10]
processed 58600000 entities [entities/s: 2145.29]
processed 58700000 entities [entities/s: 2145.52]
processed 58800000 entities [entities/s: 2145.78]
processed 58900000 entities [entities/s: 2146.96]
processed 59000000 entities [entities/s: 2147.68]
processed 59100000 entities [entities/s: 2148.23]
processed 59200000 entities [entities/s: 2148.47]
processed 59300000 entities [entities/s: 2148.87]
processed 59400000 entities [entities/s: 2149.32]
processed 59500000 entities [entities/s: 2149.92]
processed 59600000 entities [entities/s: 2150.74]
processed 59700000 entities [entities/s: 2151.34]
processed 59800000 entities [entities/s: 2152.55]
processed 59900000 entities [entities/s: 2152.89]
processed 60000000 entities [entities/s: 2152.35]
processed 60100000 entities [entities/s: 2151.71]
processed 60200000 entities [entities/s: 2151.89]
processed 60300000 entities [entities/s: 2152.22]
processed 60400000 entities [entities/s: 2152.74]
processed 60500000 entities [entities/s: 2153.37]
processed 60600000 entities [entities/s: 2153.75]
processed 60700000 entities [entities/s: 2154.19]
processed 60800000 entities [entities/s: 2154.36]
processed 60900000 entities [entities/s: 2154.42]
processed 61000000 entities [entities/s: 2155.52]
processed 61100000 entities [entities/s: 2157.05]
processed 61200000 entities [entities/s: 2158.62]
processed 61300000 entities [entities/s: 2160.52]
processed 61400000 entities [entities/s: 2162.15]
processed 61500000 entities [entities/s: 2164.00]
processed 61600000 entities [entities/s: 2164.17]
processed 61700000 entities [entities/s: 2165.47]
processed 61800000 entities [entities/s: 2166.42]
processed 61900000 entities [entities/s: 2167.64]
processed 62000000 entities [entities/s: 2169.12]
processed 62100000 entities [entities/s: 2170.74]
processed 62200000 entities [entities/s: 2171.19]
processed 62300000 entities [entities/s: 2172.29]
processed 62400000 entities [entities/s: 2173.10]
processed 62500000 entities [entities/s: 2173.17]
processed 62600000 entities [entities/s: 2173.89]
processed 62700000 entities [entities/s: 2176.14]
processed 62800000 entities [entities/s: 2175.97]
processed 62900000 entities [entities/s: 2175.41]
processed 63000000 entities [entities/s: 2175.23]
processed 63100000 entities [entities/s: 2176.64]
processed 63200000 entities [entities/s: 2175.97]
processed 63300000 entities [entities/s: 2176.78]
processed 63400000 entities [entities/s: 2178.63]
processed 63500000 entities [entities/s: 2177.04]
processed 63600000 entities [entities/s: 2174.12]
processed 63700000 entities [entities/s: 2172.36]
processed 63800000 entities [entities/s: 2169.56]
processed 63900000 entities [entities/s: 2166.69]
processed 64000000 entities [entities/s: 2164.18]
processed 64100000 entities [entities/s: 2162.14]
processed 64200000 entities [entities/s: 2160.28]
processed 64300000 entities [entities/s: 2158.86]
processed 64400000 entities [entities/s: 2157.70]
processed 64500000 entities [entities/s: 2156.54]
processed 64600000 entities [entities/s: 2155.52]
processed 64700000 entities [entities/s: 2154.88]
processed 64800000 entities [entities/s: 2153.87]
processed 64900000 entities [entities/s: 2153.35]
processed 65000000 entities [entities/s: 2152.76]
processed 65100000 entities [entities/s: 2151.51]
processed 65200000 entities [entities/s: 2150.29]
processed 65300000 entities [entities/s: 2149.14]
processed 65400000 entities [entities/s: 2149.94]
processed 65500000 entities [entities/s: 2149.60]
processed 65600000 entities [entities/s: 2149.09]
processed 65700000 entities [entities/s: 2148.22]
processed 65800000 entities [entities/s: 2147.49]
processed 65900000 entities [entities/s: 2146.60]
processed 66000000 entities [entities/s: 2146.73]
processed 66100000 entities [entities/s: 2147.22]
processed 66200000 entities [entities/s: 2146.89]
processed 66300000 entities [entities/s: 2146.72]
processed 66400000 entities [entities/s: 2146.72]
processed 66500000 entities [entities/s: 2146.61]
processed 66600000 entities [entities/s: 2147.08]
processed 66700000 entities [entities/s: 2148.09]
processed 66800000 entities [entities/s: 2147.63]
processed 66900000 entities [entities/s: 2148.53]
processed 67000000 entities [entities/s: 2149.03]
processed 67100000 entities [entities/s: 2149.85]
processed 67200000 entities [entities/s: 2150.74]
processed 67300000 entities [entities/s: 2151.20]
processed 67400000 entities [entities/s: 2151.20]
processed 67500000 entities [entities/s: 2151.16]
processed 67600000 entities [entities/s: 2151.15]
processed 67700000 entities [entities/s: 2151.06]
processed 67800000 entities [entities/s: 2150.95]
processed 67900000 entities [entities/s: 2150.63]
processed 68000000 entities [entities/s: 2150.57]
processed 68100000 entities [entities/s: 2150.38]
processed 68200000 entities [entities/s: 2150.18]
processed 68300000 entities [entities/s: 2150.27]
processed 68400000 entities [entities/s: 2150.53]
processed 68500000 entities [entities/s: 2150.48]
processed 68600000 entities [entities/s: 2150.31]
processed 68700000 entities [entities/s: 2150.12]
processed 68800000 entities [entities/s: 2150.01]
processed 68900000 entities [entities/s: 2149.83]
processed 69000000 entities [entities/s: 2149.44]
processed 69100000 entities [entities/s: 2149.42]
processed 69200000 entities [entities/s: 2149.70]
processed 69300000 entities [entities/s: 2149.56]
processed 69400000 entities [entities/s: 2149.34]
processed 69500000 entities [entities/s: 2149.27]
processed 69600000 entities [entities/s: 2149.70]
processed 69700000 entities [entities/s: 2149.57]
processed 69800000 entities [entities/s: 2149.01]
processed 69900000 entities [entities/s: 2148.81]
processed 70000000 entities [entities/s: 2148.53]
processed 70100000 entities [entities/s: 2147.72]
processed 70200000 entities [entities/s: 2147.16]
processed 70300000 entities [entities/s: 2146.39]
processed 70400000 entities [entities/s: 2145.79]
processed 70500000 entities [entities/s: 2145.46]
processed 70600000 entities [entities/s: 2145.65]
processed 70700000 entities [entities/s: 2145.82]
processed 70800000 entities [entities/s: 2146.08]
processed 70900000 entities [entities/s: 2147.34]
processed 71000000 entities [entities/s: 2147.73]
processed 71100000 entities [entities/s: 2148.02]
processed 71200000 entities [entities/s: 2148.27]
processed 71300000 entities [entities/s: 2148.61]
processed 71400000 entities [entities/s: 2148.98]
processed 71500000 entities [entities/s: 2149.51]
processed 71600000 entities [entities/s: 2150.15]
processed 71700000 entities [entities/s: 2150.69]
processed 71800000 entities [entities/s: 2151.81]
processed 71900000 entities [entities/s: 2152.25]
processed 72000000 entities [entities/s: 2151.55]
processed 72100000 entities [entities/s: 2151.10]
processed 72200000 entities [entities/s: 2151.27]
processed 72300000 entities [entities/s: 2151.55]
processed 72400000 entities [entities/s: 2152.05]
processed 72500000 entities [entities/s: 2152.49]
processed 72600000 entities [entities/s: 2152.88]
processed 72700000 entities [entities/s: 2153.19]
processed 72800000 entities [entities/s: 2153.34]
processed 72900000 entities [entities/s: 2153.36]
processed 73000000 entities [entities/s: 2154.51]
processed 73100000 entities [entities/s: 2155.70]
processed 73200000 entities [entities/s: 2156.98]
processed 73300000 entities [entities/s: 2158.70]
processed 73400000 entities [entities/s: 2160.07]
processed 73500000 entities [entities/s: 2161.43]
processed 73600000 entities [entities/s: 2161.59]
processed 73700000 entities [entities/s: 2162.67]
processed 73800000 entities [entities/s: 2163.62]
processed 73900000 entities [entities/s: 2164.35]
processed 74000000 entities [entities/s: 2165.58]
processed 74100000 entities [entities/s: 2166.84]
processed 74200000 entities [entities/s: 2167.47]
processed 74300000 entities [entities/s: 2168.41]
processed 74400000 entities [entities/s: 2168.92]
processed 74500000 entities [entities/s: 2169.05]
processed 74600000 entities [entities/s: 2169.62]
processed 74700000 entities [entities/s: 2171.52]
processed 74800000 entities [entities/s: 2171.29]
processed 74900000 entities [entities/s: 2170.89]
processed 75000000 entities [entities/s: 2171.06]
processed 75100000 entities [entities/s: 2172.14]
processed 75200000 entities [entities/s: 2171.70]
processed 75300000 entities [entities/s: 2172.24]
processed 75400000 entities [entities/s: 2173.87]
processed 75500000 entities [entities/s: 2172.30]
processed 75600000 entities [entities/s: 2169.90]
processed 75700000 entities [entities/s: 2168.28]
processed 75800000 entities [entities/s: 2166.05]
processed 75900000 entities [entities/s: 2163.51]
processed 76000000 entities [entities/s: 2161.57]
processed 76100000 entities [entities/s: 2159.74]
processed 76200000 entities [entities/s: 2158.17]
processed 76300000 entities [entities/s: 2157.19]
processed 76400000 entities [entities/s: 2156.28]
processed 76500000 entities [entities/s: 2155.17]
processed 76600000 entities [entities/s: 2154.33]
processed 76700000 entities [entities/s: 2153.78]
processed 76800000 entities [entities/s: 2152.91]
processed 76900000 entities [entities/s: 2152.52]
processed 77000000 entities [entities/s: 2151.93]
processed 77100000 entities [entities/s: 2150.81]
processed 77200000 entities [entities/s: 2149.71]
processed 77300000 entities [entities/s: 2148.81]
processed 77400000 entities [entities/s: 2149.56]
processed 77500000 entities [entities/s: 2149.32]
processed 77600000 entities [entities/s: 2148.71]
processed 77700000 entities [entities/s: 2148.13]
processed 77800000 entities [entities/s: 2147.26]
processed 77900000 entities [entities/s: 2146.75]
processed 78000000 entities [entities/s: 2146.94]
processed 78100000 entities [entities/s: 2147.28]
processed 78200000 entities [entities/s: 2146.88]
processed 78300000 entities [entities/s: 2146.71]
processed 78400000 entities [entities/s: 2146.73]
processed 78500000 entities [entities/s: 2146.84]
processed 78600000 entities [entities/s: 2147.09]
processed 78700000 entities [entities/s: 2147.87]
processed 78800000 entities [entities/s: 2147.67]
processed 78900000 entities [entities/s: 2148.57]
processed 79000000 entities [entities/s: 2148.69]
processed 79100000 entities [entities/s: 2149.58]
processed 79200000 entities [entities/s: 2150.42]
processed 79300000 entities [entities/s: 2150.71]
processed 79400000 entities [entities/s: 2150.74]
processed 79500000 entities [entities/s: 2150.70]
processed 79600000 entities [entities/s: 2150.71]
processed 79700000 entities [entities/s: 2150.64]
processed 79800000 entities [entities/s: 2150.56]
processed 79900000 entities [entities/s: 2150.48]
processed 80000000 entities [entities/s: 2150.22]
processed 80100000 entities [entities/s: 2150.06]
processed 80200000 entities [entities/s: 2149.90]
processed 80300000 entities [entities/s: 2149.97]
processed 80400000 entities [entities/s: 2150.18]
processed 80500000 entities [entities/s: 2150.12]
processed 80600000 entities [entities/s: 2149.94]
processed 80700000 entities [entities/s: 2149.79]
processed 80800000 entities [entities/s: 2149.67]
processed 80900000 entities [entities/s: 2149.51]
processed 81000000 entities [entities/s: 2149.35]
processed 81100000 entities [entities/s: 2149.34]
processed 81200000 entities [entities/s: 2149.58]
processed 81300000 entities [entities/s: 2149.19]
processed 81400000 entities [entities/s: 2148.99]
processed 81500000 entities [entities/s: 2148.94]
processed 81600000 entities [entities/s: 2149.29]
processed 81700000 entities [entities/s: 2149.15]
processed 81800000 entities [entities/s: 2148.83]
processed 81900000 entities [entities/s: 2148.65]
processed 82000000 entities [entities/s: 2148.15]
processed 82100000 entities [entities/s: 2147.39]
processed 82200000 entities [entities/s: 2147.12]
processed 82300000 entities [entities/s: 2146.35]
processed 82400000 entities [entities/s: 2145.84]
processed 82500000 entities [entities/s: 2145.56]
processed 82600000 entities [entities/s: 2145.75]
processed 82700000 entities [entities/s: 2145.84]
processed 82800000 entities [entities/s: 2146.15]
processed 82900000 entities [entities/s: 2147.10]
processed 83000000 entities [entities/s: 2147.71]
processed 83100000 entities [entities/s: 2147.86]
processed 83200000 entities [entities/s: 2147.86]
processed 83300000 entities [entities/s: 2148.11]
processed 83400000 entities [entities/s: 2148.44]
processed 83500000 entities [entities/s: 2148.90]
processed 83600000 entities [entities/s: 2149.46]
processed 83700000 entities [entities/s: 2149.91]
processed 83800000 entities [entities/s: 2150.85]
processed 83900000 entities [entities/s: 2151.23]
processed 84000000 entities [entities/s: 2150.47]
processed 84100000 entities [entities/s: 2150.32]
processed 84200000 entities [entities/s: 2150.45]
processed 84300000 entities [entities/s: 2150.69]
processed 84400000 entities [entities/s: 2150.94]
processed 84500000 entities [entities/s: 2151.24]
processed 84600000 entities [entities/s: 2151.61]
processed 84700000 entities [entities/s: 2151.84]
processed 84800000 entities [entities/s: 2151.96]
processed 84900000 entities [entities/s: 2151.97]
processed 85000000 entities [entities/s: 2153.13]
processed 85100000 entities [entities/s: 2154.09]
processed 85200000 entities [entities/s: 2155.18]
processed 85300000 entities [entities/s: 2156.67]
processed 85400000 entities [entities/s: 2157.90]
processed 85500000 entities [entities/s: 2158.85]
processed 85600000 entities [entities/s: 2159.11]
processed 85700000 entities [entities/s: 2159.96]
processed 85800000 entities [entities/s: 2160.76]
processed 85900000 entities [entities/s: 2161.60]
processed 86000000 entities [entities/s: 2162.67]
processed 86100000 entities [entities/s: 2163.79]
processed 86200000 entities [entities/s: 2164.32]
processed 86300000 entities [entities/s: 2165.18]
processed 86400000 entities [entities/s: 2165.44]
processed 86500000 entities [entities/s: 2165.76]
processed 86600000 entities [entities/s: 2166.20]
processed 86700000 entities [entities/s: 2167.70]
processed 86800000 entities [entities/s: 2167.40]
processed 86900000 entities [entities/s: 2166.97]
processed 87000000 entities [entities/s: 2167.45]
processed 87100000 entities [entities/s: 2168.27]
processed 87200000 entities [entities/s: 2167.70]
processed 87300000 entities [entities/s: 2168.43]
processed 87400000 entities [entities/s: 2169.65]
processed 87500000 entities [entities/s: 2167.80]
processed 87600000 entities [entities/s: 2165.97]
processed 87700000 entities [entities/s: 2164.39]
processed 87800000 entities [entities/s: 2162.36]
processed 87900000 entities [entities/s: 2160.25]
processed 88000000 entities [entities/s: 2158.61]
processed 88100000 entities [entities/s: 2156.91]
processed 88200000 entities [entities/s: 2155.76]
processed 88300000 entities [entities/s: 2154.66]
processed 88400000 entities [entities/s: 2154.15]
processed 88500000 entities [entities/s: 2153.06]
processed 88600000 entities [entities/s: 2152.34]
processed 88700000 entities [entities/s: 2151.83]
processed 88800000 entities [entities/s: 2151.26]
processed 88900000 entities [entities/s: 2150.82]
processed 89000000 entities [entities/s: 2150.14]
processed 89100000 entities [entities/s: 2149.12]
processed 89200000 entities [entities/s: 2148.11]
processed 89300000 entities [entities/s: 2147.65]
processed 89400000 entities [entities/s: 2148.36]
processed 89500000 entities [entities/s: 2147.82]
processed 89600000 entities [entities/s: 2147.45]
processed 89700000 entities [entities/s: 2146.97]
processed 89800000 entities [entities/s: 2146.13]
processed 89900000 entities [entities/s: 2145.80]
processed 90000000 entities [entities/s: 2145.76]
processed 90100000 entities [entities/s: 2146.25]
processed 90200000 entities [entities/s: 2145.85]
processed 90300000 entities [entities/s: 2145.90]
processed 90400000 entities [entities/s: 2145.66]
processed 90500000 entities [entities/s: 2145.77]
processed 90600000 entities [entities/s: 2146.33]
processed 90700000 entities [entities/s: 2146.81]
processed 90800000 entities [entities/s: 2146.57]
processed 90900000 entities [entities/s: 2147.45]
processed 91000000 entities [entities/s: 2147.47]
processed 91100000 entities [entities/s: 2148.23]
processed 91200000 entities [entities/s: 2148.88]
processed 91300000 entities [entities/s: 2149.06]
processed 91400000 entities [entities/s: 2149.06]
processed 91500000 entities [entities/s: 2149.00]
processed 91600000 entities [entities/s: 2148.98]
processed 91700000 entities [entities/s: 2148.91]
processed 91800000 entities [entities/s: 2148.61]
processed 91900000 entities [entities/s: 2148.52]
processed 92000000 entities [entities/s: 2148.44]
processed 92100000 entities [entities/s: 2148.30]
processed 92200000 entities [entities/s: 2148.18]
processed 92300000 entities [entities/s: 2148.27]
processed 92400000 entities [entities/s: 2148.46]
processed 92500000 entities [entities/s: 2148.38]
processed 92600000 entities [entities/s: 2148.21]
processed 92700000 entities [entities/s: 2148.09]
processed 92800000 entities [entities/s: 2147.97]
processed 92900000 entities [entities/s: 2147.85]
processed 93000000 entities [entities/s: 2147.70]
processed 93100000 entities [entities/s: 2147.53]
processed 93200000 entities [entities/s: 2147.67]
processed 93300000 entities [entities/s: 2147.54]
processed 93400000 entities [entities/s: 2147.38]
processed 93500000 entities [entities/s: 2147.43]
processed 93600000 entities [entities/s: 2147.68]
processed 93700000 entities [entities/s: 2147.52]
processed 93800000 entities [entities/s: 2147.27]
processed 93900000 entities [entities/s: 2147.11]
processed 94000000 entities [entities/s: 2146.61]
processed 94100000 entities [entities/s: 2145.92]
processed 94200000 entities [entities/s: 2145.68]
processed 94300000 entities [entities/s: 2144.98]
processed 94400000 entities [entities/s: 2144.58]
processed 94500000 entities [entities/s: 2144.56]
processed 94600000 entities [entities/s: 2144.78]
processed 94700000 entities [entities/s: 2144.82]
processed 94800000 entities [entities/s: 2145.12]
processed 94900000 entities [entities/s: 2145.74]
processed 95000000 entities [entities/s: 2146.27]
processed 95100000 entities [entities/s: 2146.40]
processed 95200000 entities [entities/s: 2146.63]
processed 95300000 entities [entities/s: 2146.80]
processed 95400000 entities [entities/s: 2147.11]
processed 95500000 entities [entities/s: 2147.60]
processed 95600000 entities [entities/s: 2148.08]
processed 95700000 entities [entities/s: 2148.45]
processed 95800000 entities [entities/s: 2149.37]
processed 95900000 entities [entities/s: 2149.51]
